[04/Sep/2014 17:37:02] WARNING [django.request:143] Not Found: /favicon.ico
[04/Sep/2014 17:45:56] INFO [takeaway.models:280] private takeaway created by ravi in courseInstance BUS 634P Strategic Management
[04/Sep/2014 17:53:05] INFO [takeaway.models:280] private takeaway created by ravi in courseInstance BUS 634P Strategic Management
[08/Sep/2014 04:35:54] WARNING [django.request:143] Not Found: /Images/informatica-logo.png
[08/Sep/2014 04:38:36] WARNING [django.request:143] Not Found: /Images/informatica-logo.png
[08/Sep/2014 04:46:17] WARNING [django.request:143] Not Found: /Images/informatica-logo.png
[08/Sep/2014 18:40:30] WARNING [django.request:143] Not Found: /Images/informatica-logo.png
[08/Sep/2014 18:49:22] WARNING [django.request:143] Not Found: /Images/informatica-logo.png
[08/Sep/2014 18:52:39] WARNING [django.request:143] Not Found: /favicon.ico
[09/Sep/2014 02:26:06] INFO [takeaway.models:280] private takeaway created by atluri in courseInstance BUS 634P Strategic Management
[09/Sep/2014 02:27:08] INFO [takeaway.models:282] takeaway 3 updated by atluri in courseInstance BUS 634P Strategic Management
[09/Sep/2014 02:28:50] INFO [takeaway.models:282] takeaway 1 updated by ravi in courseInstance BUS 634P Strategic Management
[09/Sep/2014 02:28:51] INFO [takeaway.models:282] takeaway 2 updated by ravi in courseInstance BUS 634P Strategic Management
[09/Sep/2014 02:29:12] INFO [takeaway.models:266] public takeaway created by ravi in courseInstance BUS 634P Strategic Management
[09/Sep/2014 02:33:25] INFO [takeaway.models:266] public takeaway created by atluri in courseInstance BUS 634P Strategic Management
[09/Sep/2014 03:35:38] WARNING [django.request:143] Not Found: /favicon.ico
[09/Sep/2014 03:35:38] WARNING [django.request:143] Not Found: /favicon.ico
[09/Sep/2014 23:33:23] INFO [takeaway.models:282] takeaway 3 updated by ravi in courseInstance BUS 634P Strategic Management
[09/Sep/2014 23:43:41] INFO [takeaway.models:282] takeaway 10 updated by ravi in courseInstance BUS 524P Sports Finance
[09/Sep/2014 23:44:15] INFO [takeaway.models:282] takeaway 10 updated by ravi in courseInstance BUS 524P Sports Finance
[09/Sep/2014 23:44:30] INFO [takeaway.models:282] takeaway 10 updated by ravi in courseInstance BUS 524P Sports Finance
[09/Sep/2014 23:55:32] INFO [takeaway.models:266] public takeaway created by ravi in courseInstance BUS 537P Managing Groups & Teams
[09/Sep/2014 23:55:38] INFO [takeaway.models:282] takeaway 14 updated by ravi in courseInstance BUS 537P Managing Groups & Teams
[09/Sep/2014 23:55:44] INFO [takeaway.models:282] takeaway 14 updated by ravi in courseInstance BUS 537P Managing Groups & Teams
[09/Sep/2014 23:55:45] INFO [takeaway.models:282] takeaway 14 updated by ravi in courseInstance BUS 537P Managing Groups & Teams
[09/Sep/2014 23:55:48] INFO [takeaway.models:282] takeaway 14 updated by ravi in courseInstance BUS 537P Managing Groups & Teams
[10/Sep/2014 03:41:34] INFO [takeaway.models:282] takeaway 6 updated by atluri in courseInstance BUS 634P Strategic Management
[10/Sep/2014 03:41:41] INFO [takeaway.models:282] takeaway 2 updated by admin in courseInstance BUS 634P Strategic Management
[10/Sep/2014 03:41:43] INFO [takeaway.models:282] takeaway 6 updated by atluri in courseInstance BUS 634P Strategic Management
[10/Sep/2014 03:42:31] INFO [takeaway.models:282] takeaway 13 updated by atluri in courseInstance BUS 524P Sports Finance
[10/Sep/2014 04:12:32] INFO [takeaway.models:282] takeaway 6 updated by atluri in courseInstance BUS 634P Strategic Management
[10/Sep/2014 04:12:43] INFO [takeaway.models:282] takeaway 6 updated by atluri in courseInstance BUS 634P Strategic Management
[10/Sep/2014 04:12:57] INFO [takeaway.models:282] takeaway 6 updated by atluri in courseInstance BUS 634P Strategic Management
[10/Sep/2014 04:12:59] INFO [takeaway.models:282] takeaway 6 updated by atluri in courseInstance BUS 634P Strategic Management
[10/Sep/2014 04:13:03] INFO [takeaway.models:282] takeaway 6 updated by atluri in courseInstance BUS 634P Strategic Management
[10/Sep/2014 04:13:08] INFO [takeaway.models:282] takeaway 6 updated by atluri in courseInstance BUS 634P Strategic Management
[10/Sep/2014 04:13:09] INFO [takeaway.models:282] takeaway 6 updated by atluri in courseInstance BUS 634P Strategic Management
[10/Sep/2014 04:13:09] INFO [takeaway.models:282] takeaway 6 updated by atluri in courseInstance BUS 634P Strategic Management
[10/Sep/2014 04:13:14] INFO [takeaway.models:282] takeaway 6 updated by atluri in courseInstance BUS 634P Strategic Management
[10/Sep/2014 04:13:16] INFO [takeaway.models:282] takeaway 6 updated by atluri in courseInstance BUS 634P Strategic Management
[10/Sep/2014 04:13:17] INFO [takeaway.models:282] takeaway 6 updated by atluri in courseInstance BUS 634P Strategic Management
[10/Sep/2014 04:13:19] INFO [takeaway.models:282] takeaway 6 updated by atluri in courseInstance BUS 634P Strategic Management
[10/Sep/2014 04:13:21] INFO [takeaway.models:282] takeaway 6 updated by atluri in courseInstance BUS 634P Strategic Management
[10/Sep/2014 04:22:40] INFO [takeaway.models:266] public takeaway created by ravi in courseInstance BUS 634P Strategic Management
[10/Sep/2014 04:22:45] INFO [takeaway.models:282] takeaway 15 updated by ravi in courseInstance BUS 634P Strategic Management
[10/Sep/2014 04:22:52] INFO [takeaway.models:282] takeaway 15 updated by ravi in courseInstance BUS 634P Strategic Management
[10/Sep/2014 04:23:00] INFO [takeaway.models:282] takeaway 15 updated by ravi in courseInstance BUS 634P Strategic Management
[10/Sep/2014 04:24:25] INFO [takeaway.models:282] takeaway 15 updated by ravi in courseInstance BUS 634P Strategic Management
[10/Sep/2014 04:24:29] INFO [takeaway.models:282] takeaway 15 updated by ravi in courseInstance BUS 634P Strategic Management
[10/Sep/2014 04:24:34] INFO [takeaway.models:282] takeaway 15 updated by ravi in courseInstance BUS 634P Strategic Management
[10/Sep/2014 04:24:38] INFO [takeaway.models:282] takeaway 15 updated by ravi in courseInstance BUS 634P Strategic Management
[10/Sep/2014 04:24:45] INFO [takeaway.models:282] takeaway 15 updated by ravi in courseInstance BUS 634P Strategic Management
[10/Sep/2014 04:24:49] INFO [takeaway.models:282] takeaway 15 updated by ravi in courseInstance BUS 634P Strategic Management
[10/Sep/2014 04:42:44] INFO [takeaway.models:280] private takeaway created by ravi in courseInstance BUS 634P Strategic Management
